2019-12-11T08:49:54.910Z - normal: Load ~/.CocosCreator/settings.json
2019-12-11T08:49:56.098Z - normal: Initializing Asset Database
2019-12-11T08:49:56.100Z - normal: checking language setting...
2019-12-11T08:49:56.100Z - normal: Language: zh
2019-12-11T08:49:56.878Z - success: preview server running at http://localhost:7456
2019-12-11T08:49:56.880Z - success: protocol editor-framework registered
2019-12-11T08:49:56.880Z - success: protocol app registered
2019-12-11T08:49:56.880Z - success: protocol theme registered
2019-12-11T08:49:56.880Z - success: protocol packages registered
2019-12-11T08:49:56.881Z - success: protocol uuid registerred
2019-12-11T08:49:56.881Z - success: protocol db registerred
2019-12-11T08:49:56.881Z - success: protocol thumbnail registerred
2019-12-11T08:49:56.881Z - success: protocol unpack registerred
2019-12-11T08:49:56.881Z - success: protocol disable-commonjs registerred
2019-12-11T08:49:57.052Z - normal: connected!
2019-12-11T08:49:57.053Z - normal: Check project E:\myCode\start_project
2019-12-11T08:49:57.055Z - normal: Initializing project E:\myCode\start_project
2019-12-11T08:49:57.487Z - normal: Initializing Cocos2d
2019-12-11T08:49:58.446Z - normal: Initializing engine extends
2019-12-11T08:49:58.477Z - success: asset-db-debugger loaded
2019-12-11T08:49:58.480Z - success: baidu-adapter loaded
2019-12-11T08:49:58.486Z - success: color-picker loaded
2019-12-11T08:49:58.589Z - success: fb-audience-network loaded
2019-12-11T08:49:58.648Z - success: fb-live-stream loaded
2019-12-11T08:49:58.654Z - success: google-play-instant loaded
2019-12-11T08:49:58.659Z - success: huawei-runtime loaded
2019-12-11T08:49:58.927Z - success: cpk-publish loaded
2019-12-11T08:49:58.927Z - success: jsb-adapter loaded
2019-12-11T08:49:58.936Z - success: oppo-runtime loaded
2019-12-11T08:49:58.939Z - success: package-manager loaded
2019-12-11T08:49:59.069Z - success: qqplay-adapter loaded
2019-12-11T08:49:59.071Z - success: runtime-dev-tools loaded
2019-12-11T08:49:59.075Z - success: sdkbox loaded
2019-12-11T08:49:59.079Z - success: tester loaded
2019-12-11T08:49:59.082Z - success: ui-grid loaded
2019-12-11T08:49:59.083Z - success: ui-kit-preview-extra loaded
2019-12-11T08:49:59.085Z - success: ui-kit-preview loaded
2019-12-11T08:49:59.086Z - success: ui-kit loaded
2019-12-11T08:49:59.090Z - success: ui-tree loaded
2019-12-11T08:49:59.095Z - success: vivo-runtime loaded
2019-12-11T08:49:59.096Z - success: weapp-adapter loaded
2019-12-11T08:49:59.097Z - success: xiaomi-adapter loaded
2019-12-11T08:49:59.163Z - success: assets loaded
2019-12-11T08:49:59.182Z - success: builder loaded
2019-12-11T08:49:59.495Z - success: cocos-services loaded
2019-12-11T08:49:59.500Z - success: console loaded
2019-12-11T08:49:59.534Z - success: fb-instant-games loaded
2019-12-11T08:49:59.537Z - success: game-window loaded
2019-12-11T08:49:59.538Z - success: google-instant-games loaded
2019-12-11T08:49:59.543Z - success: hierarchy loaded
2019-12-11T08:49:59.545Z - success: inspector loaded
2019-12-11T08:49:59.547Z - success: keystore loaded
2019-12-11T08:49:59.550Z - success: node-library loaded
2019-12-11T08:49:59.551Z - success: package-asset loaded
2019-12-11T08:49:59.552Z - success: preferences loaded
2019-12-11T08:49:59.553Z - success: project-exporter loaded
2019-12-11T08:49:59.555Z - success: project-importer loaded
2019-12-11T08:49:59.557Z - success: project-settings loaded
2019-12-11T08:49:59.561Z - success: scene loaded
2019-12-11T08:49:59.563Z - success: simulator-debugger loaded
2019-12-11T08:49:59.564Z - success: sprite-editor loaded
2019-12-11T08:49:59.567Z - success: store loaded
2019-12-11T08:49:59.571Z - success: timeline loaded
2019-12-11T08:49:59.579Z - success: xiaomi-runtime loaded
2019-12-11T08:50:01.476Z - info: Cocos Services load base data!
2019-12-11T08:50:05.669Z - normal: Loading packages
2019-12-11T08:50:05.679Z - normal: Watching packages
2019-12-11T08:50:06.204Z - normal: Run Application
2019-12-12T09:30:19.185Z - error: [db-task][delete] Failed to delete asset f7635322-87f4-4d3a-9506-7cba16cd3f26, messages: Error: Asset E:\myCode\start_project\assets\textures\btn_play.png\btn_play is not exists
    at F:\CocosCreator\resources\app.asar\asset-db\lib\tasks.js:1:17459
    at i.each (F:\CocosCreator\resources\app.asar\asset-db\lib\tasks.js:1:17886)
    at F:\CocosCreator\resources\app.asar\node_modules\async\lib\async.js:181:20
    at Object.async.forEachOf.async.eachOf (F:\CocosCreator\resources\app.asar\node_modules\async\lib\async.js:233:13)
    at Object.async.forEach.async.each (F:\CocosCreator\resources\app.asar\node_modules\async\lib\async.js:209:22)
    at u.l.delete (F:\CocosCreator\resources\app.asar\asset-db\lib\tasks.js:1:17389)
    at _tasks.r.queue (F:\CocosCreator\resources\app.asar\asset-db\index.js:1:2264)
    at F:\CocosCreator\resources\app.asar\node_modules\async\lib\async.js:987:13
    at Immediate.process (F:\CocosCreator\resources\app.asar\node_modules\async\lib\async.js:953:21)
    at runCallback (timers.js:672:20)
    at u.o.error (F:\CocosCreator\resources\app.asar\asset-db\lib\utils.js:1:2250)
    at F:\CocosCreator\resources\app.asar\asset-db\lib\tasks.js:1:17938
    at F:\CocosCreator\resources\app.asar\asset-db\lib\tasks.js:1:17457
    at i.each (F:\CocosCreator\resources\app.asar\asset-db\lib\tasks.js:1:17886)
    at F:\CocosCreator\resources\app.asar\node_modules\async\lib\async.js:181:20
    at Object.async.forEachOf.async.eachOf (F:\CocosCreator\resources\app.asar\node_modules\async\lib\async.js:233:13)
    at Object.async.forEach.async.each (F:\CocosCreator\resources\app.asar\node_modules\async\lib\async.js:209:22)
    at u.l.delete (F:\CocosCreator\resources\app.asar\asset-db\lib\tasks.js:1:17389)
    at _tasks.r.queue (F:\CocosCreator\resources\app.asar\asset-db\index.js:1:2264)
2019-12-12T09:30:32.960Z - error: [db-task][delete] Failed to delete asset f7635322-87f4-4d3a-9506-7cba16cd3f26, messages: Error: Asset E:\myCode\start_project\assets\textures\btn_play.png\btn_play is not exists
    at F:\CocosCreator\resources\app.asar\asset-db\lib\tasks.js:1:17459
    at i.each (F:\CocosCreator\resources\app.asar\asset-db\lib\tasks.js:1:17886)
    at F:\CocosCreator\resources\app.asar\node_modules\async\lib\async.js:181:20
    at Object.async.forEachOf.async.eachOf (F:\CocosCreator\resources\app.asar\node_modules\async\lib\async.js:233:13)
    at Object.async.forEach.async.each (F:\CocosCreator\resources\app.asar\node_modules\async\lib\async.js:209:22)
    at u.l.delete (F:\CocosCreator\resources\app.asar\asset-db\lib\tasks.js:1:17389)
    at _tasks.r.queue (F:\CocosCreator\resources\app.asar\asset-db\index.js:1:2264)
    at F:\CocosCreator\resources\app.asar\node_modules\async\lib\async.js:987:13
    at Immediate.process (F:\CocosCreator\resources\app.asar\node_modules\async\lib\async.js:953:21)
    at runCallback (timers.js:672:20)
    at u.o.error (F:\CocosCreator\resources\app.asar\asset-db\lib\utils.js:1:2250)
    at F:\CocosCreator\resources\app.asar\asset-db\lib\tasks.js:1:17938
    at F:\CocosCreator\resources\app.asar\asset-db\lib\tasks.js:1:17457
    at i.each (F:\CocosCreator\resources\app.asar\asset-db\lib\tasks.js:1:17886)
    at F:\CocosCreator\resources\app.asar\node_modules\async\lib\async.js:181:20
    at Object.async.forEachOf.async.eachOf (F:\CocosCreator\resources\app.asar\node_modules\async\lib\async.js:233:13)
    at Object.async.forEach.async.each (F:\CocosCreator\resources\app.asar\node_modules\async\lib\async.js:209:22)
    at u.l.delete (F:\CocosCreator\resources\app.asar\asset-db\lib\tasks.js:1:17389)
    at _tasks.r.queue (F:\CocosCreator\resources\app.asar\asset-db\index.js:1:2264)
2019-12-12T09:55:19.672Z - info: 只有预制节点 "star" 及其子节点会被保存。
2019-12-12T10:42:53.640Z - warn: Error: Ipc will not have a callback. message: scene@renderer:294581
2019-12-12T10:42:53.671Z - error: Failed to reset layout: Error: Failed to close panel scene
    at Object.e._unloadAll (F:\CocosCreator\resources\app.asar\editor-framework\lib\renderer\panel.js:1:2087)
    at r.waterfall.e (F:\CocosCreator\resources\app.asar\editor-framework\lib\renderer\ui\utils\dock-utils.js:1:5916)
    at fn (F:\CocosCreator\resources\app.asar\node_modules\async\lib\async.js:746:34)
    at F:\CocosCreator\resources\app.asar\node_modules\async\lib\async.js:1213:16
    at F:\CocosCreator\resources\app.asar\node_modules\async\lib\async.js:166:37
    at F:\CocosCreator\resources\app.asar\node_modules\async\lib\async.js:706:43
    at F:\CocosCreator\resources\app.asar\node_modules\async\lib\async.js:167:37
    at Object.async.waterfall (F:\CocosCreator\resources\app.asar\node_modules\async\lib\async.js:710:44)
    at Object.e.reset (F:\CocosCreator\resources\app.asar\editor-framework\lib\renderer\ui\utils\dock-utils.js:1:5899)
    at EventEmitter.t.ipcRenderer.on (F:\CocosCreator\resources\app.asar\editor-framework\lib\renderer\ui\utils\dock-utils.js:1:8429)
    at e.reset.e (F:\CocosCreator\resources\app.asar\editor-framework\lib\renderer\ui\utils\dock-utils.js:1:8453)
    at r.waterfall.e (F:\CocosCreator\resources\app.asar\editor-framework\lib\renderer\ui\utils\dock-utils.js:1:7375)
    at F:\CocosCreator\resources\app.asar\node_modules\async\lib\async.js:52:16
    at F:\CocosCreator\resources\app.asar\node_modules\async\lib\async.js:696:30
    at F:\CocosCreator\resources\app.asar\node_modules\async\lib\async.js:167:37
    at Immediate.<anonymous> (F:\CocosCreator\resources\app.asar\node_modules\async\lib\async.js:1206:34)
    at runCallback (timers.js:672:20)
    at tryOnImmediate (timers.js:645:5)
    at processImmediate [as _immediateCallback] (timers.js:617:5)
2019-12-12T10:46:40.457Z - normal: Introduced global variable while editing: CocosServicesUpdate
2019-12-12T10:46:40.458Z - normal: Introduced global variable while editing: CocosServices
2019-12-12T10:58:48.172Z - error: [db-task][delete] Failed to delete asset undefined, messages: Error: Asset E:\myCode\start_project\assets\scripts\NewScript.js is not exists
    at F:\CocosCreator\resources\app.asar\asset-db\lib\tasks.js:1:17459
    at i.each (F:\CocosCreator\resources\app.asar\asset-db\lib\tasks.js:1:17886)
    at F:\CocosCreator\resources\app.asar\node_modules\async\lib\async.js:181:20
    at Object.async.forEachOf.async.eachOf (F:\CocosCreator\resources\app.asar\node_modules\async\lib\async.js:233:13)
    at Object.async.forEach.async.each (F:\CocosCreator\resources\app.asar\node_modules\async\lib\async.js:209:22)
    at u.l.delete (F:\CocosCreator\resources\app.asar\asset-db\lib\tasks.js:1:17389)
    at _tasks.r.queue (F:\CocosCreator\resources\app.asar\asset-db\index.js:1:2264)
    at F:\CocosCreator\resources\app.asar\node_modules\async\lib\async.js:987:13
    at Immediate.process (F:\CocosCreator\resources\app.asar\node_modules\async\lib\async.js:953:21)
    at runCallback (timers.js:672:20)
    at u.o.error (F:\CocosCreator\resources\app.asar\asset-db\lib\utils.js:1:2250)
    at F:\CocosCreator\resources\app.asar\asset-db\lib\tasks.js:1:17938
    at F:\CocosCreator\resources\app.asar\asset-db\lib\tasks.js:1:17457
    at i.each (F:\CocosCreator\resources\app.asar\asset-db\lib\tasks.js:1:17886)
    at F:\CocosCreator\resources\app.asar\node_modules\async\lib\async.js:181:20
    at Object.async.forEachOf.async.eachOf (F:\CocosCreator\resources\app.asar\node_modules\async\lib\async.js:233:13)
    at Object.async.forEach.async.each (F:\CocosCreator\resources\app.asar\node_modules\async\lib\async.js:209:22)
    at u.l.delete (F:\CocosCreator\resources\app.asar\asset-db\lib\tasks.js:1:17389)
    at _tasks.r.queue (F:\CocosCreator\resources\app.asar\asset-db\index.js:1:2264)
2019-12-12T10:58:55.305Z - error: [db-task][delete] Failed to delete asset undefined, messages: Error: Asset E:\myCode\start_project\assets\scripts\NewScript.js is not exists
    at F:\CocosCreator\resources\app.asar\asset-db\lib\tasks.js:1:17459
    at i.each (F:\CocosCreator\resources\app.asar\asset-db\lib\tasks.js:1:17886)
    at F:\CocosCreator\resources\app.asar\node_modules\async\lib\async.js:181:20
    at Object.async.forEachOf.async.eachOf (F:\CocosCreator\resources\app.asar\node_modules\async\lib\async.js:233:13)
    at Object.async.forEach.async.each (F:\CocosCreator\resources\app.asar\node_modules\async\lib\async.js:209:22)
    at u.l.delete (F:\CocosCreator\resources\app.asar\asset-db\lib\tasks.js:1:17389)
    at _tasks.r.queue (F:\CocosCreator\resources\app.asar\asset-db\index.js:1:2264)
    at F:\CocosCreator\resources\app.asar\node_modules\async\lib\async.js:987:13
    at Immediate.process (F:\CocosCreator\resources\app.asar\node_modules\async\lib\async.js:953:21)
    at runCallback (timers.js:672:20)
    at u.o.error (F:\CocosCreator\resources\app.asar\asset-db\lib\utils.js:1:2250)
    at F:\CocosCreator\resources\app.asar\asset-db\lib\tasks.js:1:17938
    at F:\CocosCreator\resources\app.asar\asset-db\lib\tasks.js:1:17457
    at i.each (F:\CocosCreator\resources\app.asar\asset-db\lib\tasks.js:1:17886)
    at F:\CocosCreator\resources\app.asar\node_modules\async\lib\async.js:181:20
    at Object.async.forEachOf.async.eachOf (F:\CocosCreator\resources\app.asar\node_modules\async\lib\async.js:233:13)
    at Object.async.forEach.async.each (F:\CocosCreator\resources\app.asar\node_modules\async\lib\async.js:209:22)
    at u.l.delete (F:\CocosCreator\resources\app.asar\asset-db\lib\tasks.js:1:17389)
    at _tasks.r.queue (F:\CocosCreator\resources\app.asar\asset-db\index.js:1:2264)
2019-12-12T10:59:18.460Z - error: [db-task][delete] Failed to delete asset undefined, messages: Error: Asset E:\myCode\start_project\assets\scripts\NewScript.js is not exists
    at F:\CocosCreator\resources\app.asar\asset-db\lib\tasks.js:1:17459
    at i.each (F:\CocosCreator\resources\app.asar\asset-db\lib\tasks.js:1:17886)
    at F:\CocosCreator\resources\app.asar\node_modules\async\lib\async.js:181:20
    at Object.async.forEachOf.async.eachOf (F:\CocosCreator\resources\app.asar\node_modules\async\lib\async.js:233:13)
    at Object.async.forEach.async.each (F:\CocosCreator\resources\app.asar\node_modules\async\lib\async.js:209:22)
    at u.l.delete (F:\CocosCreator\resources\app.asar\asset-db\lib\tasks.js:1:17389)
    at _tasks.r.queue (F:\CocosCreator\resources\app.asar\asset-db\index.js:1:2264)
    at F:\CocosCreator\resources\app.asar\node_modules\async\lib\async.js:987:13
    at Immediate.process (F:\CocosCreator\resources\app.asar\node_modules\async\lib\async.js:953:21)
    at runCallback (timers.js:672:20)
    at u.o.error (F:\CocosCreator\resources\app.asar\asset-db\lib\utils.js:1:2250)
    at F:\CocosCreator\resources\app.asar\asset-db\lib\tasks.js:1:17938
    at F:\CocosCreator\resources\app.asar\asset-db\lib\tasks.js:1:17457
    at i.each (F:\CocosCreator\resources\app.asar\asset-db\lib\tasks.js:1:17886)
    at F:\CocosCreator\resources\app.asar\node_modules\async\lib\async.js:181:20
    at Object.async.forEachOf.async.eachOf (F:\CocosCreator\resources\app.asar\node_modules\async\lib\async.js:233:13)
    at Object.async.forEach.async.each (F:\CocosCreator\resources\app.asar\node_modules\async\lib\async.js:209:22)
    at u.l.delete (F:\CocosCreator\resources\app.asar\asset-db\lib\tasks.js:1:17389)
    at _tasks.r.queue (F:\CocosCreator\resources\app.asar\asset-db\index.js:1:2264)
2019-12-12T11:00:07.577Z - error: [db-task][delete] Failed to delete asset undefined, messages: Error: Asset E:\myCode\start_project\assets\scripts\NewScript.js is not exists
    at F:\CocosCreator\resources\app.asar\asset-db\lib\tasks.js:1:17459
    at i.each (F:\CocosCreator\resources\app.asar\asset-db\lib\tasks.js:1:17886)
    at F:\CocosCreator\resources\app.asar\node_modules\async\lib\async.js:181:20
    at Object.async.forEachOf.async.eachOf (F:\CocosCreator\resources\app.asar\node_modules\async\lib\async.js:233:13)
    at Object.async.forEach.async.each (F:\CocosCreator\resources\app.asar\node_modules\async\lib\async.js:209:22)
    at u.l.delete (F:\CocosCreator\resources\app.asar\asset-db\lib\tasks.js:1:17389)
    at _tasks.r.queue (F:\CocosCreator\resources\app.asar\asset-db\index.js:1:2264)
    at F:\CocosCreator\resources\app.asar\node_modules\async\lib\async.js:987:13
    at Immediate.process (F:\CocosCreator\resources\app.asar\node_modules\async\lib\async.js:953:21)
    at runCallback (timers.js:672:20)
    at u.o.error (F:\CocosCreator\resources\app.asar\asset-db\lib\utils.js:1:2250)
    at F:\CocosCreator\resources\app.asar\asset-db\lib\tasks.js:1:17938
    at F:\CocosCreator\resources\app.asar\asset-db\lib\tasks.js:1:17457
    at i.each (F:\CocosCreator\resources\app.asar\asset-db\lib\tasks.js:1:17886)
    at F:\CocosCreator\resources\app.asar\node_modules\async\lib\async.js:181:20
    at Object.async.forEachOf.async.eachOf (F:\CocosCreator\resources\app.asar\node_modules\async\lib\async.js:233:13)
    at Object.async.forEach.async.each (F:\CocosCreator\resources\app.asar\node_modules\async\lib\async.js:209:22)
    at u.l.delete (F:\CocosCreator\resources\app.asar\asset-db\lib\tasks.js:1:17389)
    at _tasks.r.queue (F:\CocosCreator\resources\app.asar\asset-db\index.js:1:2264)
2019-12-12T11:00:12.879Z - error: [db-task][delete] Failed to delete asset undefined, messages: Error: Asset E:\myCode\start_project\assets\scripts\NewScript.js is not exists
    at F:\CocosCreator\resources\app.asar\asset-db\lib\tasks.js:1:17459
    at i.each (F:\CocosCreator\resources\app.asar\asset-db\lib\tasks.js:1:17886)
    at F:\CocosCreator\resources\app.asar\node_modules\async\lib\async.js:181:20
    at Object.async.forEachOf.async.eachOf (F:\CocosCreator\resources\app.asar\node_modules\async\lib\async.js:233:13)
    at Object.async.forEach.async.each (F:\CocosCreator\resources\app.asar\node_modules\async\lib\async.js:209:22)
    at u.l.delete (F:\CocosCreator\resources\app.asar\asset-db\lib\tasks.js:1:17389)
    at _tasks.r.queue (F:\CocosCreator\resources\app.asar\asset-db\index.js:1:2264)
    at F:\CocosCreator\resources\app.asar\node_modules\async\lib\async.js:987:13
    at Immediate.process (F:\CocosCreator\resources\app.asar\node_modules\async\lib\async.js:953:21)
    at runCallback (timers.js:672:20)
    at u.o.error (F:\CocosCreator\resources\app.asar\asset-db\lib\utils.js:1:2250)
    at F:\CocosCreator\resources\app.asar\asset-db\lib\tasks.js:1:17938
    at F:\CocosCreator\resources\app.asar\asset-db\lib\tasks.js:1:17457
    at i.each (F:\CocosCreator\resources\app.asar\asset-db\lib\tasks.js:1:17886)
    at F:\CocosCreator\resources\app.asar\node_modules\async\lib\async.js:181:20
    at Object.async.forEachOf.async.eachOf (F:\CocosCreator\resources\app.asar\node_modules\async\lib\async.js:233:13)
    at Object.async.forEach.async.each (F:\CocosCreator\resources\app.asar\node_modules\async\lib\async.js:209:22)
    at u.l.delete (F:\CocosCreator\resources\app.asar\asset-db\lib\tasks.js:1:17389)
    at _tasks.r.queue (F:\CocosCreator\resources\app.asar\asset-db\index.js:1:2264)
2019-12-12T11:00:24.598Z - error: [db-task][delete] Failed to delete asset undefined, messages: Error: Asset E:\myCode\start_project\assets\scripts\NewScript.js is not exists
    at F:\CocosCreator\resources\app.asar\asset-db\lib\tasks.js:1:17459
    at i.each (F:\CocosCreator\resources\app.asar\asset-db\lib\tasks.js:1:17886)
    at F:\CocosCreator\resources\app.asar\node_modules\async\lib\async.js:181:20
    at Object.async.forEachOf.async.eachOf (F:\CocosCreator\resources\app.asar\node_modules\async\lib\async.js:233:13)
    at Object.async.forEach.async.each (F:\CocosCreator\resources\app.asar\node_modules\async\lib\async.js:209:22)
    at u.l.delete (F:\CocosCreator\resources\app.asar\asset-db\lib\tasks.js:1:17389)
    at _tasks.r.queue (F:\CocosCreator\resources\app.asar\asset-db\index.js:1:2264)
    at F:\CocosCreator\resources\app.asar\node_modules\async\lib\async.js:987:13
    at Immediate.process (F:\CocosCreator\resources\app.asar\node_modules\async\lib\async.js:953:21)
    at runCallback (timers.js:672:20)
    at u.o.error (F:\CocosCreator\resources\app.asar\asset-db\lib\utils.js:1:2250)
    at F:\CocosCreator\resources\app.asar\asset-db\lib\tasks.js:1:17938
    at F:\CocosCreator\resources\app.asar\asset-db\lib\tasks.js:1:17457
    at i.each (F:\CocosCreator\resources\app.asar\asset-db\lib\tasks.js:1:17886)
    at F:\CocosCreator\resources\app.asar\node_modules\async\lib\async.js:181:20
    at Object.async.forEachOf.async.eachOf (F:\CocosCreator\resources\app.asar\node_modules\async\lib\async.js:233:13)
    at Object.async.forEach.async.each (F:\CocosCreator\resources\app.asar\node_modules\async\lib\async.js:209:22)
    at u.l.delete (F:\CocosCreator\resources\app.asar\asset-db\lib\tasks.js:1:17389)
    at _tasks.r.queue (F:\CocosCreator\resources\app.asar\asset-db\index.js:1:2264)
2019-12-12T11:00:33.209Z - error: [db-task][delete] Failed to delete asset undefined, messages: Error: Asset E:\myCode\start_project\assets\scripts\NewScript.js is not exists
    at F:\CocosCreator\resources\app.asar\asset-db\lib\tasks.js:1:17459
    at i.each (F:\CocosCreator\resources\app.asar\asset-db\lib\tasks.js:1:17886)
    at F:\CocosCreator\resources\app.asar\node_modules\async\lib\async.js:181:20
    at Object.async.forEachOf.async.eachOf (F:\CocosCreator\resources\app.asar\node_modules\async\lib\async.js:233:13)
    at Object.async.forEach.async.each (F:\CocosCreator\resources\app.asar\node_modules\async\lib\async.js:209:22)
    at u.l.delete (F:\CocosCreator\resources\app.asar\asset-db\lib\tasks.js:1:17389)
    at _tasks.r.queue (F:\CocosCreator\resources\app.asar\asset-db\index.js:1:2264)
    at F:\CocosCreator\resources\app.asar\node_modules\async\lib\async.js:987:13
    at Immediate.process (F:\CocosCreator\resources\app.asar\node_modules\async\lib\async.js:953:21)
    at runCallback (timers.js:672:20)
    at u.o.error (F:\CocosCreator\resources\app.asar\asset-db\lib\utils.js:1:2250)
    at F:\CocosCreator\resources\app.asar\asset-db\lib\tasks.js:1:17938
    at F:\CocosCreator\resources\app.asar\asset-db\lib\tasks.js:1:17457
    at i.each (F:\CocosCreator\resources\app.asar\asset-db\lib\tasks.js:1:17886)
    at F:\CocosCreator\resources\app.asar\node_modules\async\lib\async.js:181:20
    at Object.async.forEachOf.async.eachOf (F:\CocosCreator\resources\app.asar\node_modules\async\lib\async.js:233:13)
    at Object.async.forEach.async.each (F:\CocosCreator\resources\app.asar\node_modules\async\lib\async.js:209:22)
    at u.l.delete (F:\CocosCreator\resources\app.asar\asset-db\lib\tasks.js:1:17389)
    at _tasks.r.queue (F:\CocosCreator\resources\app.asar\asset-db\index.js:1:2264)
2019-12-12T11:01:27.862Z - error: [db-task][delete] Failed to delete asset undefined, messages: Error: Asset E:\myCode\start_project\assets\scripts\NewScript.js is not exists
    at F:\CocosCreator\resources\app.asar\asset-db\lib\tasks.js:1:17459
    at i.each (F:\CocosCreator\resources\app.asar\asset-db\lib\tasks.js:1:17886)
    at F:\CocosCreator\resources\app.asar\node_modules\async\lib\async.js:181:20
    at Object.async.forEachOf.async.eachOf (F:\CocosCreator\resources\app.asar\node_modules\async\lib\async.js:233:13)
    at Object.async.forEach.async.each (F:\CocosCreator\resources\app.asar\node_modules\async\lib\async.js:209:22)
    at u.l.delete (F:\CocosCreator\resources\app.asar\asset-db\lib\tasks.js:1:17389)
    at _tasks.r.queue (F:\CocosCreator\resources\app.asar\asset-db\index.js:1:2264)
    at F:\CocosCreator\resources\app.asar\node_modules\async\lib\async.js:987:13
    at Immediate.process (F:\CocosCreator\resources\app.asar\node_modules\async\lib\async.js:953:21)
    at runCallback (timers.js:672:20)
    at u.o.error (F:\CocosCreator\resources\app.asar\asset-db\lib\utils.js:1:2250)
    at F:\CocosCreator\resources\app.asar\asset-db\lib\tasks.js:1:17938
    at F:\CocosCreator\resources\app.asar\asset-db\lib\tasks.js:1:17457
    at i.each (F:\CocosCreator\resources\app.asar\asset-db\lib\tasks.js:1:17886)
    at F:\CocosCreator\resources\app.asar\node_modules\async\lib\async.js:181:20
    at Object.async.forEachOf.async.eachOf (F:\CocosCreator\resources\app.asar\node_modules\async\lib\async.js:233:13)
    at Object.async.forEach.async.each (F:\CocosCreator\resources\app.asar\node_modules\async\lib\async.js:209:22)
    at u.l.delete (F:\CocosCreator\resources\app.asar\asset-db\lib\tasks.js:1:17389)
    at _tasks.r.queue (F:\CocosCreator\resources\app.asar\asset-db\index.js:1:2264)
2019-12-12T11:01:37.751Z - error: [db-task][delete] Failed to delete asset undefined, messages: Error: Asset E:\myCode\start_project\assets\scripts\NewScript.js is not exists
    at F:\CocosCreator\resources\app.asar\asset-db\lib\tasks.js:1:17459
    at i.each (F:\CocosCreator\resources\app.asar\asset-db\lib\tasks.js:1:17886)
    at F:\CocosCreator\resources\app.asar\node_modules\async\lib\async.js:181:20
    at Object.async.forEachOf.async.eachOf (F:\CocosCreator\resources\app.asar\node_modules\async\lib\async.js:233:13)
    at Object.async.forEach.async.each (F:\CocosCreator\resources\app.asar\node_modules\async\lib\async.js:209:22)
    at u.l.delete (F:\CocosCreator\resources\app.asar\asset-db\lib\tasks.js:1:17389)
    at _tasks.r.queue (F:\CocosCreator\resources\app.asar\asset-db\index.js:1:2264)
    at F:\CocosCreator\resources\app.asar\node_modules\async\lib\async.js:987:13
    at Immediate.process (F:\CocosCreator\resources\app.asar\node_modules\async\lib\async.js:953:21)
    at runCallback (timers.js:672:20)
    at u.o.error (F:\CocosCreator\resources\app.asar\asset-db\lib\utils.js:1:2250)
    at F:\CocosCreator\resources\app.asar\asset-db\lib\tasks.js:1:17938
    at F:\CocosCreator\resources\app.asar\asset-db\lib\tasks.js:1:17457
    at i.each (F:\CocosCreator\resources\app.asar\asset-db\lib\tasks.js:1:17886)
    at F:\CocosCreator\resources\app.asar\node_modules\async\lib\async.js:181:20
    at Object.async.forEachOf.async.eachOf (F:\CocosCreator\resources\app.asar\node_modules\async\lib\async.js:233:13)
    at Object.async.forEach.async.each (F:\CocosCreator\resources\app.asar\node_modules\async\lib\async.js:209:22)
    at u.l.delete (F:\CocosCreator\resources\app.asar\asset-db\lib\tasks.js:1:17389)
    at _tasks.r.queue (F:\CocosCreator\resources\app.asar\asset-db\index.js:1:2264)
2019-12-12T11:01:55.522Z - error: [db-task][delete] Failed to delete asset undefined, messages: Error: Asset E:\myCode\start_project\assets\scripts\NewScript.js is not exists
    at F:\CocosCreator\resources\app.asar\asset-db\lib\tasks.js:1:17459
    at i.each (F:\CocosCreator\resources\app.asar\asset-db\lib\tasks.js:1:17886)
    at F:\CocosCreator\resources\app.asar\node_modules\async\lib\async.js:181:20
    at Object.async.forEachOf.async.eachOf (F:\CocosCreator\resources\app.asar\node_modules\async\lib\async.js:233:13)
    at Object.async.forEach.async.each (F:\CocosCreator\resources\app.asar\node_modules\async\lib\async.js:209:22)
    at u.l.delete (F:\CocosCreator\resources\app.asar\asset-db\lib\tasks.js:1:17389)
    at _tasks.r.queue (F:\CocosCreator\resources\app.asar\asset-db\index.js:1:2264)
    at F:\CocosCreator\resources\app.asar\node_modules\async\lib\async.js:987:13
    at Immediate.process (F:\CocosCreator\resources\app.asar\node_modules\async\lib\async.js:953:21)
    at runCallback (timers.js:672:20)
    at u.o.error (F:\CocosCreator\resources\app.asar\asset-db\lib\utils.js:1:2250)
    at F:\CocosCreator\resources\app.asar\asset-db\lib\tasks.js:1:17938
    at F:\CocosCreator\resources\app.asar\asset-db\lib\tasks.js:1:17457
    at i.each (F:\CocosCreator\resources\app.asar\asset-db\lib\tasks.js:1:17886)
    at F:\CocosCreator\resources\app.asar\node_modules\async\lib\async.js:181:20
    at Object.async.forEachOf.async.eachOf (F:\CocosCreator\resources\app.asar\node_modules\async\lib\async.js:233:13)
    at Object.async.forEach.async.each (F:\CocosCreator\resources\app.asar\node_modules\async\lib\async.js:209:22)
    at u.l.delete (F:\CocosCreator\resources\app.asar\asset-db\lib\tasks.js:1:17389)
    at _tasks.r.queue (F:\CocosCreator\resources\app.asar\asset-db\index.js:1:2264)
2019-12-12T11:02:04.001Z - error: [db-task][delete] Failed to delete asset undefined, messages: Error: Asset E:\myCode\start_project\assets\scripts\NewScript.js is not exists
    at F:\CocosCreator\resources\app.asar\asset-db\lib\tasks.js:1:17459
    at i.each (F:\CocosCreator\resources\app.asar\asset-db\lib\tasks.js:1:17886)
    at F:\CocosCreator\resources\app.asar\node_modules\async\lib\async.js:181:20
    at Object.async.forEachOf.async.eachOf (F:\CocosCreator\resources\app.asar\node_modules\async\lib\async.js:233:13)
    at Object.async.forEach.async.each (F:\CocosCreator\resources\app.asar\node_modules\async\lib\async.js:209:22)
    at u.l.delete (F:\CocosCreator\resources\app.asar\asset-db\lib\tasks.js:1:17389)
    at _tasks.r.queue (F:\CocosCreator\resources\app.asar\asset-db\index.js:1:2264)
    at F:\CocosCreator\resources\app.asar\node_modules\async\lib\async.js:987:13
    at Immediate.process (F:\CocosCreator\resources\app.asar\node_modules\async\lib\async.js:953:21)
    at runCallback (timers.js:672:20)
    at u.o.error (F:\CocosCreator\resources\app.asar\asset-db\lib\utils.js:1:2250)
    at F:\CocosCreator\resources\app.asar\asset-db\lib\tasks.js:1:17938
    at F:\CocosCreator\resources\app.asar\asset-db\lib\tasks.js:1:17457
    at i.each (F:\CocosCreator\resources\app.asar\asset-db\lib\tasks.js:1:17886)
    at F:\CocosCreator\resources\app.asar\node_modules\async\lib\async.js:181:20
    at Object.async.forEachOf.async.eachOf (F:\CocosCreator\resources\app.asar\node_modules\async\lib\async.js:233:13)
    at Object.async.forEach.async.each (F:\CocosCreator\resources\app.asar\node_modules\async\lib\async.js:209:22)
    at u.l.delete (F:\CocosCreator\resources\app.asar\asset-db\lib\tasks.js:1:17389)
    at _tasks.r.queue (F:\CocosCreator\resources\app.asar\asset-db\index.js:1:2264)
2019-12-12T11:02:19.507Z - warn: [db-task][sync-changes] Backup unused meta file: db://assets/scripts/Play.js.meta
2019-12-12T11:02:39.208Z - error: [db-task][delete] Failed to delete asset undefined, messages: Error: Asset E:\myCode\start_project\assets\scripts\NewScript.js is not exists
    at F:\CocosCreator\resources\app.asar\asset-db\lib\tasks.js:1:17459
    at i.each (F:\CocosCreator\resources\app.asar\asset-db\lib\tasks.js:1:17886)
    at F:\CocosCreator\resources\app.asar\node_modules\async\lib\async.js:181:20
    at Object.async.forEachOf.async.eachOf (F:\CocosCreator\resources\app.asar\node_modules\async\lib\async.js:233:13)
    at Object.async.forEach.async.each (F:\CocosCreator\resources\app.asar\node_modules\async\lib\async.js:209:22)
    at u.l.delete (F:\CocosCreator\resources\app.asar\asset-db\lib\tasks.js:1:17389)
    at _tasks.r.queue (F:\CocosCreator\resources\app.asar\asset-db\index.js:1:2264)
    at F:\CocosCreator\resources\app.asar\node_modules\async\lib\async.js:987:13
    at Immediate.process (F:\CocosCreator\resources\app.asar\node_modules\async\lib\async.js:953:21)
    at runCallback (timers.js:672:20)
    at u.o.error (F:\CocosCreator\resources\app.asar\asset-db\lib\utils.js:1:2250)
    at F:\CocosCreator\resources\app.asar\asset-db\lib\tasks.js:1:17938
    at F:\CocosCreator\resources\app.asar\asset-db\lib\tasks.js:1:17457
    at i.each (F:\CocosCreator\resources\app.asar\asset-db\lib\tasks.js:1:17886)
    at F:\CocosCreator\resources\app.asar\node_modules\async\lib\async.js:181:20
    at Object.async.forEachOf.async.eachOf (F:\CocosCreator\resources\app.asar\node_modules\async\lib\async.js:233:13)
    at Object.async.forEach.async.each (F:\CocosCreator\resources\app.asar\node_modules\async\lib\async.js:209:22)
    at u.l.delete (F:\CocosCreator\resources\app.asar\asset-db\lib\tasks.js:1:17389)
    at _tasks.r.queue (F:\CocosCreator\resources\app.asar\asset-db\index.js:1:2264)
2019-12-12T11:03:12.494Z - warn: [db-task][sync-changes] Backup unused meta file: db://assets/scripts/Play.js.meta
2019-12-12T11:10:44.258Z - error: [db-task][delete] Failed to delete asset undefined, messages: Error: Asset E:\myCode\start_project\assets\scripts\NewScript.js is not exists
    at F:\CocosCreator\resources\app.asar\asset-db\lib\tasks.js:1:17459
    at i.each (F:\CocosCreator\resources\app.asar\asset-db\lib\tasks.js:1:17886)
    at F:\CocosCreator\resources\app.asar\node_modules\async\lib\async.js:181:20
    at Object.async.forEachOf.async.eachOf (F:\CocosCreator\resources\app.asar\node_modules\async\lib\async.js:233:13)
    at Object.async.forEach.async.each (F:\CocosCreator\resources\app.asar\node_modules\async\lib\async.js:209:22)
    at u.l.delete (F:\CocosCreator\resources\app.asar\asset-db\lib\tasks.js:1:17389)
    at _tasks.r.queue (F:\CocosCreator\resources\app.asar\asset-db\index.js:1:2264)
    at F:\CocosCreator\resources\app.asar\node_modules\async\lib\async.js:987:13
    at Immediate.process (F:\CocosCreator\resources\app.asar\node_modules\async\lib\async.js:953:21)
    at runCallback (timers.js:672:20)
    at u.o.error (F:\CocosCreator\resources\app.asar\asset-db\lib\utils.js:1:2250)
    at F:\CocosCreator\resources\app.asar\asset-db\lib\tasks.js:1:17938
    at F:\CocosCreator\resources\app.asar\asset-db\lib\tasks.js:1:17457
    at i.each (F:\CocosCreator\resources\app.asar\asset-db\lib\tasks.js:1:17886)
    at F:\CocosCreator\resources\app.asar\node_modules\async\lib\async.js:181:20
    at Object.async.forEachOf.async.eachOf (F:\CocosCreator\resources\app.asar\node_modules\async\lib\async.js:233:13)
    at Object.async.forEach.async.each (F:\CocosCreator\resources\app.asar\node_modules\async\lib\async.js:209:22)
    at u.l.delete (F:\CocosCreator\resources\app.asar\asset-db\lib\tasks.js:1:17389)
    at _tasks.r.queue (F:\CocosCreator\resources\app.asar\asset-db\index.js:1:2264)
2019-12-12T11:10:49.874Z - warn: [db-task][sync-changes] Backup unused meta file: db://assets/scripts/Playbutton.js.meta
2019-12-13T06:59:27.920Z - error: [db-task][delete] Failed to delete asset undefined, messages: Error: Asset E:\myCode\start_project\assets\scripts\Overpic.js is not exists
    at F:\CocosCreator\resources\app.asar\asset-db\lib\tasks.js:1:17459
    at i.each (F:\CocosCreator\resources\app.asar\asset-db\lib\tasks.js:1:17886)
    at F:\CocosCreator\resources\app.asar\node_modules\async\lib\async.js:181:20
    at Object.async.forEachOf.async.eachOf (F:\CocosCreator\resources\app.asar\node_modules\async\lib\async.js:233:13)
    at Object.async.forEach.async.each (F:\CocosCreator\resources\app.asar\node_modules\async\lib\async.js:209:22)
    at u.l.delete (F:\CocosCreator\resources\app.asar\asset-db\lib\tasks.js:1:17389)
    at _tasks.r.queue (F:\CocosCreator\resources\app.asar\asset-db\index.js:1:2264)
    at F:\CocosCreator\resources\app.asar\node_modules\async\lib\async.js:987:13
    at Immediate.process (F:\CocosCreator\resources\app.asar\node_modules\async\lib\async.js:953:21)
    at runCallback (timers.js:672:20)
    at u.o.error (F:\CocosCreator\resources\app.asar\asset-db\lib\utils.js:1:2250)
    at F:\CocosCreator\resources\app.asar\asset-db\lib\tasks.js:1:17938
    at F:\CocosCreator\resources\app.asar\asset-db\lib\tasks.js:1:17457
    at i.each (F:\CocosCreator\resources\app.asar\asset-db\lib\tasks.js:1:17886)
    at F:\CocosCreator\resources\app.asar\node_modules\async\lib\async.js:181:20
    at Object.async.forEachOf.async.eachOf (F:\CocosCreator\resources\app.asar\node_modules\async\lib\async.js:233:13)
    at Object.async.forEach.async.each (F:\CocosCreator\resources\app.asar\node_modules\async\lib\async.js:209:22)
    at u.l.delete (F:\CocosCreator\resources\app.asar\asset-db\lib\tasks.js:1:17389)
    at _tasks.r.queue (F:\CocosCreator\resources\app.asar\asset-db\index.js:1:2264)
2019-12-13T06:59:41.052Z - warn: [db-task][sync-changes] Backup unused meta file: db://assets/scripts/NewScript - 001.js.meta
2019-12-13T06:59:41.687Z - warn: Script attached to "gameover" is missing or invalid. Detailed information:
Node path: "gameover"
Script UUID: "774a945f-819e-48f5-8904-42ed46c9ae1f"
Class ID: "774a9RfgZ5I9YkEQu1Gya4f"

2019-12-13T06:59:41.811Z - warn: Script attached to "gameover" is missing or invalid. Detailed information:
Node path: "gameover"
Script UUID: "774a945f-819e-48f5-8904-42ed46c9ae1f"
Class ID: "774a9RfgZ5I9YkEQu1Gya4f"

2019-12-13T06:59:42.002Z - warn: Script attached to "gameover" is missing or invalid. Detailed information:
Node path: "gameover"
Script UUID: "774a945f-819e-48f5-8904-42ed46c9ae1f"
Class ID: "774a9RfgZ5I9YkEQu1Gya4f"

2019-12-13T06:59:42.151Z - warn: Script attached to "gameover" is missing or invalid. Detailed information:
Node path: "gameover"
Script UUID: "774a945f-819e-48f5-8904-42ed46c9ae1f"
Class ID: "774a9RfgZ5I9YkEQu1Gya4f"

2019-12-13T06:59:42.350Z - warn: Script attached to "gameover" is missing or invalid. Detailed information:
Node path: "gameover"
Script UUID: "774a945f-819e-48f5-8904-42ed46c9ae1f"
Class ID: "774a9RfgZ5I9YkEQu1Gya4f"

2019-12-13T06:59:42.499Z - warn: Script attached to "gameover" is missing or invalid. Detailed information:
Node path: "gameover"
Script UUID: "774a945f-819e-48f5-8904-42ed46c9ae1f"
Class ID: "774a9RfgZ5I9YkEQu1Gya4f"

2019-12-13T06:59:42.652Z - warn: Script attached to "gameover" is missing or invalid. Detailed information:
Node path: "gameover"
Script UUID: "774a945f-819e-48f5-8904-42ed46c9ae1f"
Class ID: "774a9RfgZ5I9YkEQu1Gya4f"

2019-12-13T06:59:43.159Z - warn: Script attached to "gameover" is missing or invalid. Detailed information:
Node path: "gameover"
Script UUID: "774a945f-819e-48f5-8904-42ed46c9ae1f"
Class ID: "774a9RfgZ5I9YkEQu1Gya4f"

2019-12-13T06:59:43.351Z - warn: Script attached to "gameover" is missing or invalid. Detailed information:
Node path: "gameover"
Script UUID: "774a945f-819e-48f5-8904-42ed46c9ae1f"
Class ID: "774a9RfgZ5I9YkEQu1Gya4f"

2019-12-13T06:59:43.517Z - warn: Script attached to "gameover" is missing or invalid. Detailed information:
Node path: "gameover"
Script UUID: "774a945f-819e-48f5-8904-42ed46c9ae1f"
Class ID: "774a9RfgZ5I9YkEQu1Gya4f"

2019-12-13T06:59:43.669Z - warn: Script attached to "gameover" is missing or invalid. Detailed information:
Node path: "gameover"
Script UUID: "774a945f-819e-48f5-8904-42ed46c9ae1f"
Class ID: "774a9RfgZ5I9YkEQu1Gya4f"

2019-12-13T06:59:43.872Z - warn: Script attached to "gameover" is missing or invalid. Detailed information:
Node path: "gameover"
Script UUID: "774a945f-819e-48f5-8904-42ed46c9ae1f"
Class ID: "774a9RfgZ5I9YkEQu1Gya4f"

2019-12-13T06:59:44.034Z - warn: Script attached to "gameover" is missing or invalid. Detailed information:
Node path: "gameover"
Script UUID: "774a945f-819e-48f5-8904-42ed46c9ae1f"
Class ID: "774a9RfgZ5I9YkEQu1Gya4f"

2019-12-13T06:59:44.220Z - warn: Script attached to "gameover" is missing or invalid. Detailed information:
Node path: "gameover"
Script UUID: "774a945f-819e-48f5-8904-42ed46c9ae1f"
Class ID: "774a9RfgZ5I9YkEQu1Gya4f"

2019-12-13T06:59:46.860Z - warn: Script attached to "gameover" is missing or invalid. Detailed information:
Node path: "gameover"
Script UUID: "774a945f-819e-48f5-8904-42ed46c9ae1f"
Class ID: "774a9RfgZ5I9YkEQu1Gya4f"

2019-12-13T06:59:47.004Z - warn: Script attached to "gameover" is missing or invalid. Detailed information:
Node path: "gameover"
Script UUID: "774a945f-819e-48f5-8904-42ed46c9ae1f"
Class ID: "774a9RfgZ5I9YkEQu1Gya4f"

2019-12-13T06:59:47.155Z - warn: Script attached to "gameover" is missing or invalid. Detailed information:
Node path: "gameover"
Script UUID: "774a945f-819e-48f5-8904-42ed46c9ae1f"
Class ID: "774a9RfgZ5I9YkEQu1Gya4f"

2019-12-13T06:59:47.335Z - warn: Script attached to "gameover" is missing or invalid. Detailed information:
Node path: "gameover"
Script UUID: "774a945f-819e-48f5-8904-42ed46c9ae1f"
Class ID: "774a9RfgZ5I9YkEQu1Gya4f"

2019-12-13T07:42:02.027Z - error: TypeError: Cannot read property '$el' of null
    at requestAnimationFrame (F:\CocosCreator\resources\app.asar\editor\builtin\hierarchy\panel\component\node.js:1:3419)
2019-12-13T07:42:02.031Z - error: TypeError: Cannot read property '$el' of null
    at requestAnimationFrame (F:\CocosCreator\resources\app.asar\editor\builtin\hierarchy\panel\component\node.js:1:3419)
2019-12-13T07:42:02.032Z - error: TypeError: Cannot read property '$el' of null
    at requestAnimationFrame (F:\CocosCreator\resources\app.asar\editor\builtin\hierarchy\panel\component\node.js:1:3419)
2019-12-13T07:42:02.032Z - error: TypeError: Cannot read property '$el' of null
    at requestAnimationFrame (F:\CocosCreator\resources\app.asar\editor\builtin\hierarchy\panel\component\node.js:1:3419)
2019-12-13T07:45:28.552Z - warn: The Asset used by node "gameover" is missing. Detailed information:
Node path: "gameover"
Missing uuid: "debc68a9-3a09-448f-be38-4a227c099a55"

2019-12-13T11:09:46.495Z - info: shutdown preview server
